{"C:\\OrderzHouse_fork\\backend\\controller\\plans.js": {"path":"C:\\OrderzHouse_fork\\backend\\controller\\plans.js","statementMap":{"0":{"start":{"line":1,"column":13},"end":{"line":1,"column":36}},"1":{"start":{"line":3,"column":17},"end":{"line":17,"column":1}},"2":{"start":{"line":4,"column":4},"end":{"line":16,"column":7}},"3":{"start":{"line":6,"column":8},"end":{"line":9,"column":11}},"4":{"start":{"line":12,"column":8},"end":{"line":15,"column":11}},"5":{"start":{"line":19,"column":19},"end":{"line":36,"column":1}},"6":{"start":{"line":20,"column":49},"end":{"line":20,"column":57}},"7":{"start":{"line":21,"column":18},"end":{"line":21,"column":98}},"8":{"start":{"line":22,"column":17},"end":{"line":22,"column":53}},"9":{"start":{"line":23,"column":4},"end":{"line":35,"column":7}},"10":{"start":{"line":24,"column":8},"end":{"line":28,"column":11}},"11":{"start":{"line":30,"column":8},"end":{"line":34,"column":11}},"12":{"start":{"line":39,"column":17},"end":{"line":57,"column":1}},"13":{"start":{"line":40,"column":17},"end":{"line":40,"column":27}},"14":{"start":{"line":41,"column":49},"end":{"line":41,"column":57}},"15":{"start":{"line":42,"column":18},"end":{"line":42,"column":105}},"16":{"start":{"line":43,"column":17},"end":{"line":43,"column":57}},"17":{"start":{"line":44,"column":4},"end":{"line":56,"column":7}},"18":{"start":{"line":45,"column":8},"end":{"line":49,"column":11}},"19":{"start":{"line":51,"column":8},"end":{"line":55,"column":11}},"20":{"start":{"line":59,"column":19},"end":{"line":75,"column":1}},"21":{"start":{"line":60,"column":17},"end":{"line":60,"column":27}},"22":{"start":{"line":61,"column":18},"end":{"line":61,"column":51}},"23":{"start":{"line":62,"column":17},"end":{"line":62,"column":21}},"24":{"start":{"line":63,"column":4},"end":{"line":74,"column":7}},"25":{"start":{"line":64,"column":8},"end":{"line":67,"column":11}},"26":{"start":{"line":69,"column":8},"end":{"line":73,"column":11}},"27":{"start":{"line":78,"column":29},"end":{"line":114,"column":1}},"28":{"start":{"line":79,"column":17},"end":{"line":79,"column":27}},"29":{"start":{"line":80,"column":18},"end":{"line":100,"column":3}},"30":{"start":{"line":101,"column":4},"end":{"line":113,"column":7}},"31":{"start":{"line":103,"column":8},"end":{"line":106,"column":11}},"32":{"start":{"line":109,"column":8},"end":{"line":112,"column":11}},"33":{"start":{"line":116,"column":0},"end":{"line":122,"column":2}}},"fnMap":{"0":{"name":"(anonymous_0)","decl":{"start":{"line":3,"column":17},"end":{"line":3,"column":18}},"loc":{"start":{"line":3,"column":31},"end":{"line":17,"column":1}},"line":3},"1":{"name":"(anonymous_1)","decl":{"start":{"line":5,"column":10},"end":{"line":5,"column":11}},"loc":{"start":{"line":5,"column":20},"end":{"line":10,"column":5}},"line":5},"2":{"name":"(anonymous_2)","decl":{"start":{"line":11,"column":11},"end":{"line":11,"column":12}},"loc":{"start":{"line":11,"column":18},"end":{"line":16,"column":5}},"line":11},"3":{"name":"(anonymous_3)","decl":{"start":{"line":19,"column":19},"end":{"line":19,"column":20}},"loc":{"start":{"line":19,"column":33},"end":{"line":36,"column":1}},"line":19},"4":{"name":"(anonymous_4)","decl":{"start":{"line":23,"column":33},"end":{"line":23,"column":34}},"loc":{"start":{"line":23,"column":45},"end":{"line":29,"column":5}},"line":23},"5":{"name":"(anonymous_5)","decl":{"start":{"line":29,"column":13},"end":{"line":29,"column":14}},"loc":{"start":{"line":29,"column":22},"end":{"line":35,"column":5}},"line":29},"6":{"name":"(anonymous_6)","decl":{"start":{"line":39,"column":17},"end":{"line":39,"column":18}},"loc":{"start":{"line":39,"column":31},"end":{"line":57,"column":1}},"line":39},"7":{"name":"(anonymous_7)","decl":{"start":{"line":44,"column":33},"end":{"line":44,"column":34}},"loc":{"start":{"line":44,"column":45},"end":{"line":50,"column":5}},"line":44},"8":{"name":"(anonymous_8)","decl":{"start":{"line":50,"column":13},"end":{"line":50,"column":14}},"loc":{"start":{"line":50,"column":22},"end":{"line":56,"column":5}},"line":50},"9":{"name":"(anonymous_9)","decl":{"start":{"line":59,"column":19},"end":{"line":59,"column":20}},"loc":{"start":{"line":59,"column":33},"end":{"line":75,"column":1}},"line":59},"10":{"name":"(anonymous_10)","decl":{"start":{"line":63,"column":33},"end":{"line":63,"column":34}},"loc":{"start":{"line":63,"column":45},"end":{"line":68,"column":5}},"line":63},"11":{"name":"(anonymous_11)","decl":{"start":{"line":68,"column":13},"end":{"line":68,"column":14}},"loc":{"start":{"line":68,"column":22},"end":{"line":74,"column":5}},"line":68},"12":{"name":"(anonymous_12)","decl":{"start":{"line":78,"column":29},"end":{"line":78,"column":30}},"loc":{"start":{"line":78,"column":43},"end":{"line":114,"column":1}},"line":78},"13":{"name":"(anonymous_13)","decl":{"start":{"line":102,"column":10},"end":{"line":102,"column":11}},"loc":{"start":{"line":102,"column":20},"end":{"line":107,"column":5}},"line":102},"14":{"name":"(anonymous_14)","decl":{"start":{"line":108,"column":11},"end":{"line":108,"column":12}},"loc":{"start":{"line":108,"column":18},"end":{"line":113,"column":5}},"line":108}},"branchMap":{},"s":{"0":1,"1":1,"2":0,"3":0,"4":0,"5":1,"6":0,"7":0,"8":0,"9":0,"10":0,"11":0,"12":1,"13":0,"14":0,"15":0,"16":0,"17":0,"18":0,"19":0,"20":1,"21":0,"22":0,"23":0,"24":0,"25":0,"26":0,"27":1,"28":0,"29":0,"30":0,"31":0,"32":0,"33":1},"f":{"0":0,"1":0,"2":0,"3":0,"4":0,"5":0,"6":0,"7":0,"8":0,"9":0,"10":0,"11":0,"12":0,"13":0,"14":0},"b":{},"_coverageSchema":"1a1c01bbd47fc00a2c39e90264f33305004495a9","hash":"6187ebdd8226c0a8b84b23802c5be1c40a24e0b8"}
}
